2026-02-13 13:03:16,045 - INFO - --- Process Audit: 2026-02-13 13:03:16.045782 ---
2026-02-13 13:03:41,195 - INFO - --- Process Audit: 2026-02-13 13:03:41.195664 ---
2026-02-13 13:03:51,740 - INFO - --- Process Audit: 2026-02-13 13:03:51.740529 ---
2026-02-13 13:03:51,745 - WARNING - [WARNING] High CPU: System Idle Process (PID: 0) - Usage: 606.4%
2026-02-13 13:03:51,750 - WARNING - [WARNING] High CPU: System (PID: 4) - Usage: 14.1%
2026-02-13 13:03:51,845 - WARNING - [WARNING] High CPU: dwm.exe (PID: 1592) - Usage: 11.0%
2026-02-13 13:03:51,917 - WARNING - [WARNING] High CPU: opera.exe (PID: 2340) - Usage: 36.6%
2026-02-13 13:03:52,147 - WARNING - [WARNING] High CPU: MsMpEng.exe (PID: 4264) - Usage: 26.1%
2026-02-13 13:03:52,227 - WARNING - [WARNING] High CPU: opera.exe (PID: 9124) - Usage: 15.7%
2026-02-13 13:03:52,257 - WARNING - [WARNING] High CPU: opera.exe (PID: 13492) - Usage: 11.0%
2026-02-13 13:04:02,280 - INFO - --- Process Audit: 2026-02-13 13:04:02.280475 ---
2026-02-13 13:04:02,287 - WARNING - [WARNING] High CPU: System Idle Process (PID: 0) - Usage: 605.6%
2026-02-13 13:04:02,291 - WARNING - [WARNING] High CPU: System (PID: 4) - Usage: 23.9%
2026-02-13 13:04:02,378 - WARNING - [WARNING] High CPU: dwm.exe (PID: 1592) - Usage: 10.4%
2026-02-13 13:04:02,443 - WARNING - [WARNING] High CPU: opera.exe (PID: 2340) - Usage: 18.3%
2026-02-13 13:04:02,474 - WARNING - [WARNING] High CPU: Code.exe (PID: 2624) - Usage: 38.6%
2026-02-13 13:04:02,765 - WARNING - [WARNING] High CPU: opera.exe (PID: 13040) - Usage: 20.8%
2026-02-13 13:04:02,765 - WARNING - [WARNING] High CPU: opera.exe (PID: 13492) - Usage: 12.6%
2026-02-16 14:13:10,326 - INFO - --- Process Audit: 2026-02-16 14:13:10.326684 ---
2026-02-16 14:13:20,851 - INFO - --- Process Audit: 2026-02-16 14:13:20.851065 ---
2026-02-16 14:13:20,858 - WARNING - [WARNING] High CPU: System Idle Process (PID: 0) - Usage: 685.0%
2026-02-16 14:13:21,157 - WARNING - [WARNING] High CPU: opera.exe (PID: 4308) - Usage: 46.4%
2026-02-16 14:13:21,304 - WARNING - [WARNING] High CPU: Code.exe (PID: 14532) - Usage: 13.6%
2026-02-16 14:13:31,308 - INFO - --- Process Audit: 2026-02-16 14:13:31.307966 ---
2026-02-16 14:13:31,313 - WARNING - [WARNING] High CPU: System Idle Process (PID: 0) - Usage: 741.0%
2026-02-16 14:13:31,749 - WARNING - [WARNING] High CPU: Code.exe (PID: 14532) - Usage: 13.0%
2026-02-16 14:13:41,753 - INFO - --- Process Audit: 2026-02-16 14:13:41.753721 ---
2026-02-16 14:13:41,761 - WARNING - [WARNING] High CPU: System Idle Process (PID: 0) - Usage: 697.5%
2026-02-16 14:13:42,194 - WARNING - [WARNING] High CPU: Code.exe (PID: 12520) - Usage: 12.4%
2026-02-16 14:13:42,211 - WARNING - [WARNING] High CPU: Code.exe (PID: 14532) - Usage: 30.2%
2026-02-16 14:13:52,215 - INFO - --- Process Audit: 2026-02-16 14:13:52.215137 ---
2026-02-16 14:13:52,221 - WARNING - [WARNING] High CPU: System Idle Process (PID: 0) - Usage: 771.3%
2026-02-16 14:14:02,676 - INFO - --- Process Audit: 2026-02-16 14:14:02.676071 ---
2026-02-16 14:14:02,683 - WARNING - [WARNING] High CPU: System Idle Process (PID: 0) - Usage: 756.2%
2026-02-16 14:14:13,129 - INFO - --- Process Audit: 2026-02-16 14:14:13.129189 ---
2026-02-16 14:14:13,137 - WARNING - [WARNING] High CPU: System Idle Process (PID: 0) - Usage: 710.8%
2026-02-16 14:14:23,600 - INFO - --- Process Audit: 2026-02-16 14:14:23.600547 ---
2026-02-16 14:14:23,605 - WARNING - [WARNING] High CPU: System Idle Process (PID: 0) - Usage: 755.8%
2026-02-16 14:14:23,610 - WARNING - [WARNING] High CPU: System (PID: 4) - Usage: 12.4%
2026-02-16 14:14:34,053 - INFO - --- Process Audit: 2026-02-16 14:14:34.053670 ---
2026-02-16 14:14:34,058 - WARNING - [WARNING] High CPU: System Idle Process (PID: 0) - Usage: 636.5%
2026-02-16 14:14:34,063 - WARNING - [WARNING] High CPU: System (PID: 4) - Usage: 51.6%
2026-02-16 14:14:34,390 - WARNING - [WARNING] High CPU: opera.exe (PID: 4308) - Usage: 15.6%
2026-02-16 14:14:34,535 - WARNING - [WARNING] High CPU: Code.exe (PID: 14532) - Usage: 12.2%
2026-02-16 14:14:34,535 - WARNING - [WARNING] High CPU: opera.exe (PID: 14656) - Usage: 20.4%
2026-02-16 14:14:44,538 - INFO - --- Process Audit: 2026-02-16 14:14:44.538868 ---
2026-02-16 14:14:44,546 - WARNING - [WARNING] High CPU: System Idle Process (PID: 0) - Usage: 737.8%
2026-02-16 14:14:44,550 - WARNING - [WARNING] High CPU: System (PID: 4) - Usage: 10.6%
2026-02-16 14:14:44,984 - WARNING - [WARNING] High CPU: Code.exe (PID: 14532) - Usage: 16.9%
2026-02-16 14:14:54,988 - INFO - --- Process Audit: 2026-02-16 14:14:54.988015 ---
2026-02-16 14:14:54,995 - WARNING - [WARNING] High CPU: System Idle Process (PID: 0) - Usage: 735.4%
2026-02-16 14:14:55,485 - WARNING - [WARNING] High CPU: Code.exe (PID: 14532) - Usage: 21.3%
2026-02-16 14:15:05,489 - INFO - --- Process Audit: 2026-02-16 14:15:05.489250 ---
2026-02-16 14:15:05,493 - WARNING - [WARNING] High CPU: System Idle Process (PID: 0) - Usage: 731.9%
2026-02-16 14:15:05,945 - WARNING - [WARNING] High CPU: Code.exe (PID: 14532) - Usage: 17.2%
2026-02-16 14:15:15,948 - INFO - --- Process Audit: 2026-02-16 14:15:15.948429 ---
2026-02-16 14:15:15,953 - WARNING - [WARNING] High CPU: System Idle Process (PID: 0) - Usage: 740.1%
2026-02-16 14:15:16,402 - WARNING - [WARNING] High CPU: Code.exe (PID: 14532) - Usage: 19.9%
2026-02-16 14:15:26,406 - INFO - --- Process Audit: 2026-02-16 14:15:26.406752 ---
2026-02-16 14:15:26,414 - WARNING - [WARNING] High CPU: System Idle Process (PID: 0) - Usage: 735.2%
2026-02-16 14:15:26,871 - WARNING - [WARNING] High CPU: Code.exe (PID: 14532) - Usage: 17.6%
2026-02-16 14:15:36,875 - INFO - --- Process Audit: 2026-02-16 14:15:36.874990 ---
2026-02-16 14:15:36,879 - WARNING - [WARNING] High CPU: System Idle Process (PID: 0) - Usage: 752.1%
2026-02-16 14:15:47,361 - INFO - --- Process Audit: 2026-02-16 14:15:47.360958 ---
2026-02-16 14:15:47,369 - WARNING - [WARNING] High CPU: System Idle Process (PID: 0) - Usage: 678.7%
2026-02-16 14:15:47,839 - WARNING - [WARNING] High CPU: Code.exe (PID: 14532) - Usage: 27.0%
2026-02-16 14:15:57,842 - INFO - --- Process Audit: 2026-02-16 14:15:57.842386 ---
2026-02-16 14:15:57,847 - WARNING - [WARNING] High CPU: System Idle Process (PID: 0) - Usage: 688.9%
2026-02-16 14:15:58,184 - WARNING - [WARNING] High CPU: opera.exe (PID: 5752) - Usage: 10.6%
2026-02-16 14:15:58,288 - WARNING - [WARNING] High CPU: opera.exe (PID: 10692) - Usage: 13.0%
2026-02-16 14:15:58,322 - WARNING - [WARNING] High CPU: opera.exe (PID: 14656) - Usage: 21.5%
2026-02-16 14:16:08,325 - INFO - --- Process Audit: 2026-02-16 14:16:08.325832 ---
2026-02-16 14:16:08,331 - WARNING - [WARNING] High CPU: System Idle Process (PID: 0) - Usage: 729.6%
2026-02-16 14:16:08,740 - WARNING - [WARNING] High CPU: opera.exe (PID: 10692) - Usage: 12.9%
2026-02-16 14:16:08,775 - WARNING - [WARNING] High CPU: opera.exe (PID: 14656) - Usage: 11.2%
2026-02-16 14:16:18,779 - INFO - --- Process Audit: 2026-02-16 14:16:18.779539 ---
2026-02-16 14:16:18,786 - WARNING - [WARNING] High CPU: System Idle Process (PID: 0) - Usage: 737.5%
2026-02-16 14:16:29,291 - INFO - --- Process Audit: 2026-02-16 14:16:29.291462 ---
2026-02-16 14:16:29,297 - WARNING - [WARNING] High CPU: System Idle Process (PID: 0) - Usage: 671.1%
2026-02-16 14:16:29,654 - WARNING - [WARNING] High CPU: MsMpEng.exe (PID: 4256) - Usage: 15.7%
2026-02-16 14:16:29,825 - WARNING - [WARNING] High CPU: Code.exe (PID: 14532) - Usage: 12.8%
2026-02-16 14:16:39,830 - INFO - --- Process Audit: 2026-02-16 14:16:39.830192 ---
2026-02-16 14:16:39,837 - WARNING - [WARNING] High CPU: System Idle Process (PID: 0) - Usage: 760.0%
2026-02-16 14:16:50,303 - INFO - --- Process Audit: 2026-02-16 14:16:50.303411 ---
2026-02-16 14:16:50,309 - WARNING - [WARNING] High CPU: System Idle Process (PID: 0) - Usage: 764.3%
2026-02-16 14:16:50,599 - WARNING - [WARNING] High CPU: opera.exe (PID: 4308) - Usage: 10.3%
2026-02-16 14:17:00,748 - INFO - --- Process Audit: 2026-02-16 14:17:00.748748 ---
2026-02-16 14:17:00,753 - WARNING - [WARNING] High CPU: System Idle Process (PID: 0) - Usage: 746.2%
2026-02-16 14:17:01,048 - WARNING - [WARNING] High CPU: opera.exe (PID: 4308) - Usage: 12.0%
2026-02-16 15:28:38,424 - INFO - --- Process Audit: 2026-02-16 15:28:38.424762 ---
2026-02-16 15:28:48,453 - INFO - --- Process Audit: 2026-02-16 15:28:48.453502 ---
2026-02-16 15:28:58,477 - INFO - --- Process Audit: 2026-02-16 15:28:58.477217 ---
2026-02-16 15:29:08,498 - INFO - --- Process Audit: 2026-02-16 15:29:08.498461 ---
2026-02-16 15:29:18,525 - INFO - --- Process Audit: 2026-02-16 15:29:18.525697 ---
2026-02-16 15:29:28,542 - INFO - --- Process Audit: 2026-02-16 15:29:28.542406 ---
2026-02-16 15:29:28,544 - WARNING - [WARNING] High CPU: dockerd (PID: 97) - Usage: 28.7%
2026-02-16 15:32:39,202 - INFO - --- Process Audit: 2026-02-16 15:32:39.201916 ---
2026-02-16 15:32:49,225 - INFO - --- Process Audit: 2026-02-16 15:32:49.225675 ---
2026-02-16 15:32:59,247 - INFO - --- Process Audit: 2026-02-16 15:32:59.247833 ---
2026-02-16 15:33:09,258 - INFO - --- Process Audit: 2026-02-16 15:33:09.258795 ---
